<?xml version="1.0" encoding="UTF-8"?>
<!-- Generated by org.testng.reporters.JUnitReportReporter -->
<testsuite hostname="ATMECSINLT-032" name="com.qa.automation.falconUI.testscript.SampleTestScript" tests="1" failures="0" timestamp="3 Oct 2019 10:34:32 GMT" time="52.740" errors="0">
  <testcase name="sampleTest" time="52.740" classname="com.qa.automation.falconUI.testscript.SampleTestScript"/>
</testsuite> <!-- com.qa.automation.falconUI.testscript.SampleTestScript -->
