<?xml version="1.0" encoding="UTF-8"?>
<!-- Generated by org.testng.reporters.JUnitReportReporter -->
<testsuite hostname="ATMECSINLT-032" name="com.qa.automation.falconUI.AppTest" tests="1" failures="0" timestamp="27 Sep 2019 13:45:28 GMT" time="0.016" errors="0">
  <testcase name="testApp" time="0.016" classname="com.qa.automation.falconUI.AppTest"/>
</testsuite> <!-- com.qa.automation.falconUI.AppTest -->
